line	word	row    column  type
----    ----    ----   ------  -----
0	HRK	0	2	2
0	AX	4	5	2
0	,	6	6	3
0	10	8	9	1
1	\n	10	10	6
1	HRK	11	13	2
1	BX	15	16	2
1	,	17	17	3
1	AX	19	20	2
2	\n	21	21	6
2	TOP	22	24	2
2	AX	26	27	2
2	,	28	28	3
2	20	30	31	1
3	\n	32	32	6
3	CRP	33	35	2
3	BX	37	38	2
3	,	39	39	3
3	AX	41	42	2
4	\n	43	43	6
4	CIK	44	46	2
4	200	48	50	1
4	,	51	51	3
4	CX	53	54	2
5	\n	55	55	6
5	BOL	56	58	2
5	AX	60	61	2
5	,	62	62	3
5	CX	64	65	2
6	\n	66	66	6
6	VE	67	68	2
6	AX	70	71	2
6	,	72	72	3
6	10	74	75	1
7	\n	76	76	6
7	VEYA	77	80	2
7	CX	82	83	2
7	,	84	84	3
7	AX	86	87	2
8	\n	88	88	6
8	DEF	89	91	2
8	CX	93	94	2
9	\n	95	95	6
9	SS	96	97	2
9	[	99	99	4
9	CX	100	101	2
9	]	102	102	5
10	\n	103	103	6
10	SSD	104	106	2
10	[	108	108	4
10	AX	109	110	2
10	]	111	111	5
11	\n	112	112	6
11	SN	113	114	2
11	[	116	116	4
11	BX	117	118	2
11	]	119	119	5
12	\n	120	120	6
12	SP	121	122	2
12	[	124	124	4
12	DX	125	126	2
12	]	127	127	5
13	\n	128	128	6
14	\n	129	129	6
14	HRK	130	132	2
14	AX	134	135	2
14	,	136	136	3
14	[	138	138	4
14	BX	139	140	2
14	]	141	141	5
15	\n	142	142	6
15	TOP	143	145	2
15	CX	147	148	2
15	,	149	149	3
15	[	151	151	4
15	AX	152	153	2
15	]	154	154	5
